<?xml version="1.0" encoding="UTF-8"?>
<!-- Generated by org.testng.reporters.JUnitXMLReporter -->
<testsuite ignored="0" hostname="DESKTOP-6F1KN2E" failures="1" tests="1" name="Surefire test" time="44.723" errors="0" timestamp="2022-11-05T10:10:58 EET">
  <testcase classname="com.epam.framework.testCase.Hardcore" name="hardcore" time="40.415">
    <failure type="com.codeborne.selenide.ex.ElementNotFound" message="Element not found {By.xpath: //span[text()=&amp;apos;Google Cloud Sales&amp;apos;]}
Expected: exist
Screenshot: file:/C:/Users/verbi/IdeaLessons/Framework/FrameworkWithSelenide/build/reports/tests/1667635857465.0.png
Page source: file:/C:/Users/verbi/IdeaLessons/Framework/FrameworkWithSelenide/build/reports/tests/1667635857465.0.html
Timeout: 4 s.
Caused by: NoSuchElementException: no such element: Unable to locate element: {&amp;quot;method&amp;quot;:&amp;quot;xpath&amp;quot;,&amp;quot;selector&amp;quot;:&amp;quot;//span[text()=&amp;apos;Google Cloud Sales&amp;apos;]&amp;quot;}">
      <![CDATA[Element not found {By.xpath: //span[text()='Google Cloud Sales']}
Expected: exist
Screenshot: file:/C:/Users/verbi/IdeaLessons/Framework/FrameworkWithSelenide/build/reports/tests/1667635857465.0.png
Page source: file:/C:/Users/verbi/IdeaLessons/Framework/FrameworkWithSelenide/build/reports/tests/1667635857465.0.html
Timeout: 4 s.
Caused by: NoSuchElementException: no such element: Unable to locate element: {"method":"xpath","selector":"//span[text()='Google Cloud Sales']"}
at com.codeborne.selenide.impl.WebElementSource.createElementNotFoundError(WebElementSource.java:87)
at com.codeborne.selenide.impl.ElementFinder.createElementNotFoundError(ElementFinder.java:122)
at com.codeborne.selenide.impl.ExceptionWrapper.wrap(ExceptionWrapper.java:32)
at com.codeborne.selenide.impl.SelenideElementProxy.dispatchAndRetry(SelenideElementProxy.java:151)
at com.codeborne.selenide.impl.SelenideElementProxy.invoke(SelenideElementProxy.java:81)
at com.sun.proxy.$Proxy11.getText(Unknown Source)
at com.epam.framework.pages.YopmailPage.YopmailPage.assertMailTitle(YopmailPage.java:33)
at com.epam.framework.testCase.Hardcore.hardcore(Hardcore.java:40)
at java.base/java.util.ArrayList.forEach(ArrayList.java:1540)
Caused by: org.openqa.selenium.NoSuchElementException: no such element: Unable to locate element: {"method":"xpath","selector":"//span[text()='Google Cloud Sales']"}
  (Session info: chrome=107.0.5304.88)
For documentation on this error, please visit: https://selenium.dev/exceptions/#no_such_element
Build info: version: '4.3.0', revision: 'a4995e2c09*'
System info: host: 'DESKTOP-6F1KN2E', ip: '192.168.88.20', os.name: 'Windows 10', os.arch: 'amd64', os.version: '10.0', java.version: '11'
Driver info: org.openqa.selenium.chrome.ChromeDriver
Command: [cdcd6799cd5833650db7c7c6fcb20080, findElement {using=xpath, value=//span[text()='Google Cloud Sales']}]
Capabilities {acceptInsecureCerts: true, browserName: chrome, browserVersion: 107.0.5304.88, chrome: {chromedriverVersion: 107.0.5304.62 (1eec40d3a576..., userDataDir: C:\Users\verbi\AppData\Loca...}, goog:chromeOptions: {debuggerAddress: localhost:50917}, networkConnectionEnabled: false, pageLoadStrategy: normal, platformName: WINDOWS, proxy: Proxy(), se:cdp: ws://localhost:50917/devtoo..., se:cdpVersion: 107.0.5304.88, setWindowRect: true, strictFileInteractability: false, timeouts: {implicit: 0, pageLoad: 300000, script: 30000}, unhandledPromptBehavior: accept, webauthn:extension:credBlob: true, webauthn:extension:largeBlob: true, webauthn:virtualAuthenticators: true}
Session ID: cdcd6799cd5833650db7c7c6fcb20080
at org.openqa.selenium.remote.codec.w3c.W3CHttpResponseCodec.createException(W3CHttpResponseCodec.java:200)
at org.openqa.selenium.remote.codec.w3c.W3CHttpResponseCodec.decode(W3CHttpResponseCodec.java:133)
at org.openqa.selenium.remote.codec.w3c.W3CHttpResponseCodec.decode(W3CHttpResponseCodec.java:53)
at org.openqa.selenium.remote.HttpCommandExecutor.execute(HttpCommandExecutor.java:184)
at org.openqa.selenium.remote.service.DriverCommandExecutor.invokeExecute(DriverCommandExecutor.java:167)
at org.openqa.selenium.remote.service.DriverCommandExecutor.execute(DriverCommandExecutor.java:142)
at org.openqa.selenium.remote.RemoteWebDriver.execute(RemoteWebDriver.java:569)
at org.openqa.selenium.remote.ElementLocation$ElementFinder$2.findElement(ElementLocation.java:162)
at org.openqa.selenium.remote.ElementLocation.findElement(ElementLocation.java:60)
at org.openqa.selenium.remote.RemoteWebDriver.findElement(RemoteWebDriver.java:387)
at org.openqa.selenium.remote.RemoteWebDriver.findElement(RemoteWebDriver.java:379)
at com.codeborne.selenide.impl.WebElementSelector.findElement(WebElementSelector.java:70)
at com.codeborne.selenide.impl.WebElementSelector.findElement(WebElementSelector.java:44)
at com.codeborne.selenide.impl.WebElementSelector.findElement(WebElementSelector.java:33)
at com.codeborne.selenide.impl.ElementFinder.getWebElement(ElementFinder.java:102)
at com.codeborne.selenide.commands.GetText.execute(GetText.java:29)
at com.codeborne.selenide.commands.GetText.execute(GetText.java:13)
at com.codeborne.selenide.commands.Commands.execute(Commands.java:157)
at com.codeborne.selenide.impl.SelenideElementProxy.dispatchAndRetry(SelenideElementProxy.java:129)
... 37 more
... Removed 35 stack frames]]>
    </failure>
  </testcase> <!-- hardcore -->
</testsuite> <!-- Surefire test -->
